{
  "RSpec": {
    "coverage": {
      "/Users/macOS/projects/ticket/app/helpers/application_helper.rb": [
        1,
        null
      ],
      "/Users/macOS/projects/ticket/app/helpers/events_helper.rb": [
        1,
        1,
        0,
        null,
        null
      ],
      "/Users/macOS/projects/ticket/app/helpers/tickets_helper.rb": [
        1,
        null
      ],
      "/Users/macOS/projects/ticket/app/models/event.rb": [
        1,
        1,
        1,
        1,
        null,
        1,
        1,
        null,
        1,
        0,
        null,
        null,
        1,
        0,
        null,
        null
      ]
    },
    "timestamp": 1498583816
  }
}
