{
  "RSpec": {
    "coverage": {
      "/Users/macOS/projects/ticket/app/helpers/application_helper.rb": [
        1,
        null
      ],
      "/Users/macOS/projects/ticket/app/helpers/events_helper.rb": [
        1,
        1,
        0,
        null,
        null
      ],
      "/Users/macOS/projects/ticket/app/helpers/tickets_helper.rb": [
        1,
        null
      ],
      "/Users/macOS/projects/ticket/app/controllers/events_controller.rb": [
        1,
        1,
        0,
        null,
        null,
        1,
        0,
        null,
        null
      ],
      "/Users/macOS/projects/ticket/app/controllers/application_controller.rb": [
        1,
        null,
        null,
        1,
        null
      ]
    },
    "timestamp": 1498580762
  }
}
